<?xml version="1.0" encoding="UTF-8"?>
<testng-results skipped="0" failed="0" ignored="0" total="1" passed="1">
  <reporter-output>
  </reporter-output>
  <suite name="Suite" duration-ms="12556" started-at="2021-02-06T10:29:12 IST" finished-at="2021-02-06T10:29:25 IST">
    <groups>
    </groups>
    <test name="Test" duration-ms="12556" started-at="2021-02-06T10:29:12 IST" finished-at="2021-02-06T10:29:25 IST">
      <class name="com.fb.com.fb.Validatelogin">
        <test-method status="PASS" signature="setUp()[pri:0, instance:com.fb.com.fb.Validatelogin@687080dc]" name="setUp" is-config="true" duration-ms="12291" started-at="2021-02-06T10:29:12 IST" finished-at="2021-02-06T10:29:24 IST">
          <reporter-output>
          </reporter-output>
        </test-method> <!-- setUp -->
        <test-method status="PASS" signature="verifyTitle()[pri:0, instance:com.fb.com.fb.Validatelogin@687080dc]" name="verifyTitle" duration-ms="14" started-at="2021-02-06T10:29:25 IST" finished-at="2021-02-06T10:29:25 IST">
          <reporter-output>
          </reporter-output>
        </test-method> <!-- verifyTitle -->
        <test-method status="PASS" signature="tearDown()[pri:0, instance:com.fb.com.fb.Validatelogin@687080dc]" name="tearDown" is-config="true" duration-ms="220" started-at="2021-02-06T10:29:25 IST" finished-at="2021-02-06T10:29:25 IST">
          <reporter-output>
          </reporter-output>
        </test-method> <!-- tearDown -->
      </class> <!-- com.fb.com.fb.Validatelogin -->
    </test> <!-- Test -->
  </suite> <!-- Suite -->
</testng-results>
